Build started 2/16/2015 1:49:37 PM.
     1>Project "c:\Users\christopher\documents\visual studio 2010\Projects\sweng\sweng\sweng.vcxproj" on node 2 (build target(s)).
     1>InitializeBuildStatus:
         Touching "Debug\sweng.unsuccessfulbuild".
       GenerateTargetFrameworkMonikerAttribute:
       Skipping target "GenerateTargetFrameworkMonikerAttribute" because all output files are up-to-date with respect to the input files.
       ClCompile:
         c:\Program Files (x86)\Microsoft Visual Studio 10.0\VC\bin\CL.exe /c /AI"C:\Program Files (x86)\Reference Assemblies\Microsoft\Framework\.NETFramework\v4.0" /Zi /clr /nologo /W3 /WX- /Od /Oy- /D WIN32 /D _DEBUG /D _UNICODE /D UNICODE /EHa /MDd /GS /fp:precise /Zc:wchar_t /Zc:forScope /Fo"Debug\\" /Fd"Debug\vc100.pdb" /TP /FU"C:\Program Files (x86)\Reference Assemblies\Microsoft\Framework\.NETFramework\v4.0\System.Core.dll" /analyze- /errorReport:prompt main.cpp /clr:nostdlib 
         main.cpp
         c:\Program Files (x86)\Microsoft Visual Studio 10.0\VC\bin\CL.exe /c /Zi /clr /nologo /W3 /WX- /Od /Oy- /D WIN32 /D _DEBUG /D _UNICODE /D UNICODE /EHa /MDd /GS /fp:precise /Zc:wchar_t /Zc:forScope /Fo"Debug\\" /Fd"Debug\vc100.pdb" /TP /analyze- /errorReport:prompt "C:\Users\Christopher\AppData\Local\Temp\.NETFramework,Version=v4.0.AssemblyAttributes.cpp"
         .NETFramework,Version=v4.0.AssemblyAttributes.cpp
       Link:
         c:\Program Files (x86)\Microsoft Visual Studio 10.0\VC\bin\link.exe /ERRORREPORT:PROMPT /OUT:"c:\users\christopher\documents\visual studio 2010\Projects\sweng\Debug\sweng.exe" /INCREMENTAL /NOLOGO /MANIFEST /ManifestFile:"Debug\sweng.exe.intermediate.manifest" /MANIFESTUAC:"level='asInvoker' uiAccess='false'" /DEBUG /PDB:"c:\users\christopher\documents\visual studio 2010\Projects\sweng\Debug\sweng.pdb" /ASSEMBLYDEBUG /TLBID:1 /DYNAMICBASE /FIXED:NO /NXCOMPAT /MACHINE:X86 Debug\main.obj
         "Debug\.NETFramework,Version=v4.0.AssemblyAttributes.obj"
         sweng.vcxproj -> c:\users\christopher\documents\visual studio 2010\Projects\sweng\Debug\sweng.exe
       Manifest:
         C:\Program Files (x86)\Microsoft SDKs\Windows\v7.0A\bin\mt.exe /nologo /verbose /outputresource:"c:\users\christopher\documents\visual studio 2010\Projects\sweng\Debug\sweng.exe;#1" /manifest Debug\sweng.exe.intermediate.manifest
       FinalizeBuildStatus:
         Deleting file "Debug\sweng.unsuccessfulbuild".
         Touching "Debug\sweng.lastbuildstate".
     1>Done Building Project "c:\Users\christopher\documents\visual studio 2010\Projects\sweng\sweng\sweng.vcxproj" (build target(s)).

Build succeeded.

Time Elapsed 00:00:02.91
